Already on branch 'main'
[main 37b4bbf] Auto backup Command Center 2026-02-15
 1 file changed, 1 insertion(+)
To https://github.com/R-Damanhuri/radiant-command-center.git
   aa8a783..37b4bbf  main -> main
Backup completed for Command Center
2026-02-16 02:00:02 WIB: === Starting backup for Command Center ===
2026-02-16 02:00:02 WIB: Already on branch 'main'
2026-02-16 02:00:02 WIB: Adding changes to git...
2026-02-16 02:00:02 WIB: Committing changes: Auto backup Command Center 2026-02-16
2026-02-16 02:00:02 WIB: git: [main 46ef1fb] Auto backup Command Center 2026-02-16
2026-02-16 02:00:02 WIB: git: 2 files changed, 8 insertions(+), 36 deletions(-)
2026-02-16 02:00:02 WIB: git: delete mode 100755 backup-script.sh
2026-02-16 02:00:02 WIB: Attempting git push (attempt 1/3)...
To https://github.com/R-Damanhuri/radiant-command-center.git
   37b4bbf..46ef1fb  main -> main
2026-02-16 02:00:03 WIB: git: To https://github.com/R-Damanhuri/radiant-command-center.git
2026-02-16 02:00:03 WIB: git: 37b4bbf..46ef1fb  main -> main
2026-02-16 02:00:03 WIB: Backup completed successfully for Command Center
2026-02-16 02:00:03 WIB: === Backup completed ===
2026-02-17 02:00:01 WIB: === Starting backup for Command Center ===
2026-02-17 02:00:01 WIB: Already on branch 'main'
2026-02-17 02:00:01 WIB: Adding changes to git...
